27.01.2018 00:20:26: Connected: reinnss(76561198120447448) Owner: 11
27.01.2018 00:20:33: Connected (CLIENT_PING): reinnss(76561198120447448) Owner: 11, SteamName: [GSY] reinnss . ferri @JPN   [UpTime: 1h 10min 54s - ServerFPS: 47.619]
27.01.2018 00:25:17: Connected: Coulter(76561198117441080) Owner: 12
27.01.2018 00:25:21: Connected (CLIENT_PING): Coulter(76561198117441080) Owner: 12, SteamName: Coulter   [UpTime: 1h 15min 41s - ServerFPS: 47.9042]
27.01.2018 00:55:25: Disconnected: reinnss(76561198120447448) Owner: 11, SteamName: [GSY] reinnss . ferri @JPN
27.01.2018 00:57:18: Disconnected: Avriality(76561198021846681) Owner: 9, SteamName: Avriality
27.01.2018 01:01:12: Disconnected: Storm King(76561198048399061) Owner: 8, SteamName: Fill the Rando
27.01.2018 01:35:01: Disconnected: Coulter(76561198117441080) Owner: 12, SteamName: Coulter
27.01.2018 01:43:11: Disconnected: BMMC-PLA(76561198108106254) Owner: 5, SteamName: å¤©è¯­è€…PLA
27.01.2018 01:48:01: Connected: reinnss(76561198120447448) Owner: 13
27.01.2018 01:48:10: Connected (CLIENT_PING): reinnss(76561198120447448) Owner: 13, SteamName: [GSY] reinnss . ferri @JPN   [UpTime: 2h 38min 28s - ServerFPS: 47.7612]
27.01.2018 02:58:39: Disconnected: Drazah(76561198075056795) Owner: 7, SteamName: Drazah
27.01.2018 02:58:44: Disconnected: Wyvern(76561198117148413) Owner: 6, SteamName: Wyvern
27.01.2018 02:58:45: Disconnected: ManticoreCMFx(76561198046943385) Owner: 10, SteamName: ManticoreCMFx
27.01.2018 02:58:49: Disconnected: Zeon(76561198038148959) Owner: 4, SteamName: Zeon
27.01.2018 03:05:08: Disconnected: reinnss(76561198120447448) Owner: 13, SteamName: [GSY] reinnss . ferri @JPN
27.01.2018 03:09:55: Connected (UID?): __SERVER__() Owner: 2
27.01.2018 03:10:16: Connected: Drazah(76561198075056795) Owner: 3
27.01.2018 03:10:16: Disconnected: Drazah(76561198075056795) Owner: 3, SteamName: 
27.01.2018 03:12:58: Connected: Drazah(76561198075056795) Owner: 4
27.01.2018 03:13:00: Connected (CLIENT_PING): Drazah(76561198075056795) Owner: 4, SteamName: Drazah   [UpTime: 0h 2min 47s - ServerFPS: 47.7612]
27.01.2018 03:15:57: Connected: Wyvern(76561198117148413) Owner: 5
27.01.2018 03:16:02: Connected (CLIENT_PING): Wyvern(76561198117148413) Owner: 5, SteamName: Wyvern   [UpTime: 0h 5min 50s - ServerFPS: 47.7612]
27.01.2018 03:16:12: Connected: ManticoreCMFx(76561198046943385) Owner: 6
27.01.2018 03:16:18: Connected (CLIENT_PING): ManticoreCMFx(76561198046943385) Owner: 6, SteamName: ManticoreCMFx   [UpTime: 0h 6min 5s - ServerFPS: 47.619]
27.01.2018 03:31:33: Connected: reinnss(76561198120447448) Owner: 7
27.01.2018 03:31:38: Connected (CLIENT_PING): reinnss(76561198120447448) Owner: 7, SteamName: [GSY] reinnss . ferri @JPN   [UpTime: 0h 21min 25s - ServerFPS: 47.1976]
27.01.2018 03:39:18: Disconnected: reinnss(76561198120447448) Owner: 7, SteamName: [GSY] reinnss . ferri @JPN
27.01.2018 03:40:41: Disconnected: Drazah(76561198075056795) Owner: 4, SteamName: Drazah
27.01.2018 03:41:03: Disconnected: Wyvern(76561198117148413) Owner: 5, SteamName: Wyvern
27.01.2018 04:05:01: Disconnected: ManticoreCMFx(76561198046943385) Owner: 6, SteamName: ManticoreCMFx
27.01.2018 04:48:10: Connected: Chibs(76561198094654051) Owner: 8
27.01.2018 04:48:14: Connected (CLIENT_PING): Chibs(76561198094654051) Owner: 8, SteamName: Chibs   [UpTime: 1h 37min 59s - ServerFPS: 48.3384]
27.01.2018 06:15:01: Disconnected: Chibs(76561198094654051) Owner: 8, SteamName: Chibs
27.01.2018 06:15:18: Connected: Jason(76561198005489005) Owner: 9
27.01.2018 06:15:21: Connected (CLIENT_PING): Jason(76561198005489005) Owner: 9, SteamName: Jason   [UpTime: 3h 5min 5s - ServerFPS: 45.1977]
27.01.2018 06:41:43: Connected: Drazah(76561198075056795) Owner: 10
27.01.2018 06:41:47: Connected (CLIENT_PING): Drazah(76561198075056795) Owner: 10, SteamName: Drazah   [UpTime: 3h 31min 30s - ServerFPS: 48.1928]
27.01.2018 06:45:15: Disconnected: Drazah(76561198075056795) Owner: 10, SteamName: Drazah
27.01.2018 07:03:35: Disconnected: Jason(76561198005489005) Owner: 9, SteamName: Jason
27.01.2018 07:10:33: Connected (UID?): __SERVER__() Owner: 2
27.01.2018 07:13:23: Connected: Jason(76561198005489005) Owner: 3
27.01.2018 07:13:26: Connected (CLIENT_PING): Jason(76561198005489005) Owner: 3, SteamName: Jason   [UpTime: 0h 2min 39s - ServerFPS: 47.7612]
27.01.2018 08:32:07: Connected: Drazah(76561198075056795) Owner: 4
27.01.2018 08:32:09: Connected (CLIENT_PING): Drazah(76561198075056795) Owner: 4, SteamName: Drazah   [UpTime: 1h 21min 20s - ServerFPS: 45.7143]
27.01.2018 08:43:30: Disconnected: Jason(76561198005489005) Owner: 3, SteamName: Jason
27.01.2018 08:47:00: Connected: Flapjack(76561198051200922) Owner: 5
27.01.2018 08:47:05: Connected (CLIENT_PING): Flapjack(76561198051200922) Owner: 5, SteamName: BB King   [UpTime: 1h 36min 17s - ServerFPS: 45.584]
27.01.2018 08:48:58: Disconnected: Flapjack(76561198051200922) Owner: 5, SteamName: BB King
27.01.2018 08:58:19: Connected: James(76561198184676858) Owner: 6
27.01.2018 08:58:24: Connected (CLIENT_PING): James(76561198184676858) Owner: 6, SteamName: ë°•ê¸°ìž   [UpTime: 1h 47min 35s - ServerFPS: 45.3258]
27.01.2018 09:02:16: Connected: Chibs(76561198094654051) Owner: 7
27.01.2018 09:02:28: Connected (CLIENT_PING): Chibs(76561198094654051) Owner: 7, SteamName: Chibs   [UpTime: 1h 51min 39s - ServerFPS: 46.3768]
27.01.2018 09:24:53: Connected: Wyvern(76561198117148413) Owner: 8
27.01.2018 09:25:00: Connected (CLIENT_PING): Wyvern(76561198117148413) Owner: 8, SteamName: Wyvern   [UpTime: 2h 14min 11s - ServerFPS: 46.9208]
27.01.2018 09:32:44: Connected: Robed Wolf(76561198143611001) Owner: 10
27.01.2018 09:33:21: Connected (CLIENT_PING): Robed Wolf(76561198143611001) Owner: 10, SteamName: RobedWolf   [UpTime: 2h 22min 31s - ServerFPS: 47.7612]
27.01.2018 09:34:15: Disconnected: Robed Wolf(76561198143611001) Owner: 10, SteamName: RobedWolf
27.01.2018 10:14:32: Disconnected: James(76561198184676858) Owner: 6, SteamName: ë°•ê¸°ìž
27.01.2018 10:53:48: Disconnected: Chibs(76561198094654051) Owner: 7, SteamName: Chibs
27.01.2018 10:55:01: Disconnected: Wyvern(76561198117148413) Owner: 8, SteamName: Wyvern
27.01.2018 10:55:02: Disconnected: Drazah(76561198075056795) Owner: 4, SteamName: Drazah
27.01.2018 11:11:03: Connected (UID?): __SERVER__() Owner: 2
27.01.2018 11:13:09: Connected: Drazah(76561198075056795) Owner: 4
27.01.2018 11:13:10: Connected: Joe(76561197971543211) Owner: 3
27.01.2018 11:13:11: Connected (CLIENT_PING): Drazah(76561198075056795) Owner: 4, SteamName: Drazah   [UpTime: 0h 2min 1s - ServerFPS: 48.4848]
27.01.2018 11:13:14: Connected (CLIENT_PING): Joe(76561197971543211) Owner: 3, SteamName: f_joe   [UpTime: 0h 2min 5s - ServerFPS: 47.7612]
27.01.2018 11:17:29: Connected: Wyvern(76561198117148413) Owner: 5
27.01.2018 11:17:32: Connected (CLIENT_PING): Wyvern(76561198117148413) Owner: 5, SteamName: Wyvern   [UpTime: 0h 6min 12s - ServerFPS: 47.1976]
27.01.2018 11:28:00: Connected: Chibs(76561198094654051) Owner: 6
27.01.2018 11:28:04: Connected (CLIENT_PING): Chibs(76561198094654051) Owner: 6, SteamName: Chibs   [UpTime: 0h 16min 43s - ServerFPS: 47.619]
27.01.2018 11:35:26: Connected: ukan3(76561197994151246) Owner: 7
27.01.2018 11:35:32: Connected (CLIENT_PING): ukan3(76561197994151246) Owner: 7, SteamName: Puppy   [UpTime: 0h 24min 11s - ServerFPS: 47.1976]
27.01.2018 11:36:04: Connected: HAM(76561198041947103) Owner: 8
27.01.2018 11:36:09: Connected (CLIENT_PING): HAM(76561198041947103) Owner: 8, SteamName: Ham   [UpTime: 0h 24min 49s - ServerFPS: 47.4777]
27.01.2018 11:47:01: Connected: DARK WIZARD(76561197975935563) Owner: 9
27.01.2018 11:47:07: Connected (CLIENT_PING): DARK WIZARD(76561197975935563) Owner: 9, SteamName: Odium Sword   [UpTime: 0h 35min 47s - ServerFPS: 47.3373]
27.01.2018 11:47:35: Disconnected: Joe(76561197971543211) Owner: 3, SteamName: f_joe
27.01.2018 11:48:17: Connected: Joe(76561197971543211) Owner: 10
27.01.2018 11:48:19: Connected (CLIENT_PING): Joe(76561197971543211) Owner: 10, SteamName: f_joe   [UpTime: 0h 36min 58s - ServerFPS: 47.9042]
27.01.2018 11:52:10: Disconnected: Chibs(76561198094654051) Owner: 6, SteamName: Chibs
27.01.2018 11:53:07: Connected: Chibs(76561198094654051) Owner: 11
27.01.2018 11:53:10: Connected (CLIENT_PING): Chibs(76561198094654051) Owner: 11, SteamName: Chibs   [UpTime: 0h 41min 48s - ServerFPS: 47.3373]
27.01.2018 12:10:06: Disconnected: Joe(76561197971543211) Owner: 10, SteamName: f_joe
27.01.2018 12:32:29: Disconnected: Drazah(76561198075056795) Owner: 4, SteamName: Drazah
27.01.2018 12:32:58: Connected: Drazah(76561198075056795) Owner: 12
27.01.2018 12:33:00: Connected (CLIENT_PING): Drazah(76561198075056795) Owner: 12, SteamName: Drazah   [UpTime: 1h 21min 36s - ServerFPS: 45.8453]
27.01.2018 12:34:51: Connected: Scott(76561198016299112) Owner: 13
27.01.2018 12:34:55: Connected (CLIENT_PING): Scott(76561198016299112) Owner: 13, SteamName: Erreew   [UpTime: 1h 23min 32s - ServerFPS: 47.4777]
27.01.2018 12:36:42: Disconnected: DARK WIZARD(76561197975935563) Owner: 9, SteamName: Odium Sword
27.01.2018 12:53:35: Disconnected: Wyvern(76561198117148413) Owner: 5, SteamName: Wyvern
27.01.2018 13:00:07: Disconnected: Scott(76561198016299112) Owner: 13, SteamName: Erreew
27.01.2018 13:01:35: Disconnected: Chibs(76561198094654051) Owner: 11, SteamName: Chibs
27.01.2018 13:06:05: Disconnected: Drazah(76561198075056795) Owner: 12, SteamName: Drazah
27.01.2018 13:46:12: Connected: Joe(76561197971543211) Owner: 14
27.01.2018 13:46:16: Connected (CLIENT_PING): Joe(76561197971543211) Owner: 14, SteamName: f_joe   [UpTime: 2h 34min 48s - ServerFPS: 47.1976]
27.01.2018 13:50:23: Disconnected: Joe(76561197971543211) Owner: 14, SteamName: f_joe
27.01.2018 14:00:57: Connected: Joe(76561197971543211) Owner: 15
27.01.2018 14:01:01: Connected (CLIENT_PING): Joe(76561197971543211) Owner: 15, SteamName: f_joe   [UpTime: 2h 49min 32s - ServerFPS: 47.7612]
27.01.2018 14:09:34: Disconnected: Joe(76561197971543211) Owner: 15, SteamName: f_joe
27.01.2018 14:10:41: Connected: Joe(76561197971543211) Owner: 16
27.01.2018 14:10:42: Connected (CLIENT_PING): Joe(76561197971543211) Owner: 16, SteamName: f_joe   [UpTime: 2h 59min 13s - ServerFPS: 48.048]
27.01.2018 14:19:40: Connected: Avriality(76561198021846681) Owner: 18
27.01.2018 14:19:42: Connected: D4_Cador(76561198077567121) Owner: 17
27.01.2018 14:19:46: Connected (CLIENT_PING): Avriality(76561198021846681) Owner: 18, SteamName: Avriality   [UpTime: 3h 8min 17s - ServerFPS: 42.1053]
27.01.2018 14:19:56: Connected (CLIENT_PING): D4_Cador(76561198077567121) Owner: 17, SteamName: D4_Cador   [UpTime: 3h 8min 26s - ServerFPS: 46.5116]
27.01.2018 14:23:15: Connected: Scott(76561198016299112) Owner: 19
27.01.2018 14:23:18: Connected (CLIENT_PING): Scott(76561198016299112) Owner: 19, SteamName: Erreew   [UpTime: 3h 11min 49s - ServerFPS: 47.1976]
27.01.2018 14:57:13: Disconnected: Scott(76561198016299112) Owner: 19, SteamName: Erreew
27.01.2018 15:01:37: Disconnected: Joe(76561197971543211) Owner: 16, SteamName: f_joe
27.01.2018 15:01:39: Disconnected: HAM(76561198041947103) Owner: 8, SteamName: Ham
27.01.2018 15:01:55: Disconnected: ukan3(76561197994151246) Owner: 7, SteamName: Puppy
27.01.2018 15:07:44: Disconnected: D4_Cador(76561198077567121) Owner: 17, SteamName: D4_Cador
27.01.2018 15:07:46: Disconnected: Avriality(76561198021846681) Owner: 18, SteamName: Avriality
27.01.2018 15:12:49: Connected (UID?): __SERVER__() Owner: 2
27.01.2018 15:15:45: Connected: DriftWood(76561197994641119) Owner: 3
27.01.2018 15:15:48: Connected (CLIENT_PING): DriftWood(76561197994641119) Owner: 3, SteamName: zataralee   [UpTime: 0h 2min 44s - ServerFPS: 45.1977]
27.01.2018 15:18:06: Disconnected: DriftWood(76561197994641119) Owner: 3, SteamName: zataralee
27.01.2018 15:18:16: Connected: Scott(76561198016299112) Owner: 4
27.01.2018 15:20:39: Connected (UID?): __SERVER__() Owner: 2
27.01.2018 15:23:47: Connected: DriftWood(76561197994641119) Owner: 3
27.01.2018 15:23:49: Connected (CLIENT_PING): DriftWood(76561197994641119) Owner: 3, SteamName: zataralee   [UpTime: 0h 2min 56s - ServerFPS: 47.7612]
27.01.2018 15:23:56: Disconnected: DriftWood(76561197994641119) Owner: 3, SteamName: zataralee
